# JRE version: Java(TM) SE Runtime Environment (17.0.10+11) (build 17.0.10+11-LTS-240)
# Java VM: Java HotSpot(TM) 64-Bit Server VM (17.0.10+11-LTS-240, mixed mode, sharing, tiered, compressed oops, compressed class ptrs, g1 gc, windows-amd64)
GC Precious Log:
 CPUs: 8 total, 8 available
 Memory: 8000M
 Large Page Support: Disabled
 NUMA Support: Disabled
 Compressed Oops: Enabled (32-bit)
 Heap Region Size: 1M
 Heap Min Capacity: 8M
 Heap Initial Capacity: 126M
 Heap Max Capacity: 2002M
 Pre-touch: Disabled
 Parallel Workers: 8
 Concurrent Workers: 2
 Concurrent Refinement Workers: 8
 Periodic GC: Disabled
Heap:
 garbage-first heap   total 66560K, used 34735K [0x0000000082e00000, 0x0000000100000000)
  region size 1024K, 9 young (9216K), 1 survivors (1024K)
 Metaspace       used 64807K, committed 65344K, reserved 1114112K
  class space    used 8805K, committed 9024K, reserved 1048576K
GC Heap History (20 events):
Event: 4.040 GC heap before
{Heap before GC invocations=5 (full 0):
 garbage-first heap   total 52224K, used 37197K [0x0000000082e00000, 0x0000000100000000)
  region size 1024K, 27 young (27648K), 7 survivors (7168K)
 Metaspace       used 28988K, committed 29440K, reserved 1114112K
  class space    used 3718K, committed 3904K, reserved 1048576K
}
Event: 4.046 GC heap after
{Heap after GC invocations=6 (full 0):
 garbage-first heap   total 52224K, used 18158K [0x0000000082e00000, 0x0000000100000000)
  region size 1024K, 2 young (2048K), 2 survivors (2048K)
 Metaspace       used 28988K, committed 29440K, reserved 1114112K
  class space    used 3718K, committed 3904K, reserved 1048576K
}
Event: 4.646 GC heap before
{Heap before GC invocations=6 (full 0):
 garbage-first heap   total 52224K, used 38638K [0x0000000082e00000, 0x0000000100000000)
  region size 1024K, 22 young (22528K), 2 survivors (2048K)
 Metaspace       used 33797K, committed 34240K, reserved 1114112K
  class space    used 4414K, committed 4608K, reserved 1048576K
}
Event: 4.649 GC heap after
{Heap after GC invocations=7 (full 0):
 garbage-first heap   total 52224K, used 18619K [0x0000000082e00000, 0x0000000100000000)
  region size 1024K, 3 young (3072K), 3 survivors (3072K)
 Metaspace       used 33797K, committed 34240K, reserved 1114112K
  class space    used 4414K, committed 4608K, reserved 1048576K
}
Event: 4.835 GC heap before
{Heap before GC invocations=7 (full 0):
 garbage-first heap   total 52224K, used 26811K [0x0000000082e00000, 0x0000000100000000)
  region size 1024K, 12 young (12288K), 3 survivors (3072K)
 Metaspace       used 35530K, committed 35968K, reserved 1114112K
  class space    used 4760K, committed 4992K, reserved 1048576K
}
Event: 4.838 GC heap after
{Heap after GC invocations=8 (full 0):
 garbage-first heap   total 52224K, used 19145K [0x0000000082e00000, 0x0000000100000000)
  region size 1024K, 2 young (2048K), 2 survivors (2048K)
 Metaspace       used 35530K, committed 35968K, reserved 1114112K
  class space    used 4760K, committed 4992K, reserved 1048576K
}
Event: 5.471 GC heap before
{Heap before GC invocations=9 (full 0):
 garbage-first heap   total 52224K, used 37577K [0x0000000082e00000, 0x0000000100000000)
  region size 1024K, 21 young (21504K), 2 survivors (2048K)
 Metaspace       used 44293K, committed 44672K, reserved 1114112K
  class space    used 5833K, committed 6016K, reserved 1048576K
}
Event: 5.476 GC heap after
{Heap after GC invocations=10 (full 0):
 garbage-first heap   total 52224K, used 21292K [0x0000000082e00000, 0x0000000100000000)
  region size 1024K, 3 young (3072K), 3 survivors (3072K)
 Metaspace       used 44293K, committed 44672K, reserved 1114112K
  class space    used 5833K, committed 6016K, reserved 1048576K
}
Event: 5.506 GC heap before
{Heap before GC invocations=10 (full 0):
 garbage-first heap   total 52224K, used 21292K [0x0000000082e00000, 0x0000000100000000)
  region size 1024K, 4 young (4096K), 3 survivors (3072K)
 Metaspace       used 44528K, committed 44928K, reserved 1114112K
  class space    used 5868K, committed 6080K, reserved 1048576K
}
Event: 5.509 GC heap after
{Heap after GC invocations=11 (full 0):
 garbage-first heap   total 52224K, used 21516K [0x0000000082e00000, 0x0000000100000000)
  region size 1024K, 1 young (1024K), 1 survivors (1024K)
 Metaspace       used 44528K, committed 44928K, reserved 1114112K
  class space    used 5868K, committed 6080K, reserved 1048576K
}
Event: 5.886 GC heap before
{Heap before GC invocations=11 (full 0):
 garbage-first heap   total 52224K, used 38924K [0x0000000082e00000, 0x0000000100000000)
  region size 1024K, 19 young (19456K), 1 survivors (1024K)
 Metaspace       used 48473K, committed 48896K, reserved 1114112K
  class space    used 6339K, committed 6528K, reserved 1048576K
}
Event: 5.888 GC heap after
{Heap after GC invocations=12 (full 0):
 garbage-first heap   total 66560K, used 22119K [0x0000000082e00000, 0x0000000100000000)
  region size 1024K, 2 young (2048K), 2 survivors (2048K)
 Metaspace       used 48473K, committed 48896K, reserved 1114112K
  class space    used 6339K, committed 6528K, reserved 1048576K
}
Event: 6.494 GC heap before
{Heap before GC invocations=12 (full 0):
 garbage-first heap   total 66560K, used 49767K [0x0000000082e00000, 0x0000000100000000)
  region size 1024K, 30 young (30720K), 2 survivors (2048K)
 Metaspace       used 56650K, committed 57152K, reserved 1114112K
  class space    used 7669K, committed 7872K, reserved 1048576K
}
Event: 6.496 GC heap after
{Heap after GC invocations=13 (full 0):
 garbage-first heap   total 66560K, used 23345K [0x0000000082e00000, 0x0000000100000000)
  region size 1024K, 3 young (3072K), 3 survivors (3072K)
 Metaspace       used 56650K, committed 57152K, reserved 1114112K
  class space    used 7669K, committed 7872K, reserved 1048576K
}
Event: 6.937 GC heap before
{Heap before GC invocations=13 (full 0):
 garbage-first heap   total 66560K, used 39729K [0x0000000082e00000, 0x0000000100000000)
  region size 1024K, 20 young (20480K), 3 survivors (3072K)
 Metaspace       used 59830K, committed 60288K, reserved 1114112K
  class space    used 8059K, committed 8256K, reserved 1048576K
}
Event: 6.941 GC heap after
{Heap after GC invocations=14 (full 0):
 garbage-first heap   total 66560K, used 24858K [0x0000000082e00000, 0x0000000100000000)
  region size 1024K, 3 young (3072K), 3 survivors (3072K)
 Metaspace       used 59830K, committed 60288K, reserved 1114112K
  class space    used 8059K, committed 8256K, reserved 1048576K
}
Event: 7.663 GC heap before
{Heap before GC invocations=15 (full 0):
 garbage-first heap   total 66560K, used 51482K [0x0000000082e00000, 0x0000000100000000)
  region size 1024K, 30 young (30720K), 3 survivors (3072K)
 Metaspace       used 62711K, committed 63232K, reserved 1114112K
  class space    used 8518K, committed 8768K, reserved 1048576K
}
Event: 7.668 GC heap after
{Heap after GC invocations=16 (full 0):
 garbage-first heap   total 66560K, used 27259K [0x0000000082e00000, 0x0000000100000000)
  region size 1024K, 4 young (4096K), 4 survivors (4096K)
 Metaspace       used 62711K, committed 63232K, reserved 1114112K
  class space    used 8518K, committed 8768K, reserved 1048576K
}
Event: 21.488 GC heap before
{Heap before GC invocations=16 (full 0):
 garbage-first heap   total 66560K, used 28283K [0x0000000082e00000, 0x0000000100000000)
  region size 1024K, 5 young (5120K), 4 survivors (4096K)
 Metaspace       used 63010K, committed 63552K, reserved 1114112K
  class space    used 8563K, committed 8832K, reserved 1048576K
}
Event: 21.494 GC heap after
{Heap after GC invocations=17 (full 0):
 garbage-first heap   total 66560K, used 27567K [0x0000000082e00000, 0x0000000100000000)
  region size 1024K, 1 young (1024K), 1 survivors (1024K)
 Metaspace       used 63010K, committed 63552K, reserved 1114112K
  class space    used 8563K, committed 8832K, reserved 1048576K
}

