# JRE version: Java(TM) SE Runtime Environment (17.0.10+11) (build 17.0.10+11-LTS-240)
# Java VM: Java HotSpot(TM) 64-Bit Server VM (17.0.10+11-LTS-240, mixed mode, sharing, tiered, compressed oops, compressed class ptrs, g1 gc, windows-amd64)
GC Precious Log:
 CPUs: 8 total, 8 available
 Memory: 8000M
 Large Page Support: Disabled
 NUMA Support: Disabled
 Compressed Oops: Enabled (32-bit)
 Heap Region Size: 1M
 Heap Min Capacity: 8M
 Heap Initial Capacity: 126M
 Heap Max Capacity: 2002M
 Pre-touch: Disabled
 Parallel Workers: 8
 Concurrent Workers: 2
 Concurrent Refinement Workers: 8
 Periodic GC: Disabled
Heap:
 garbage-first heap   total 55296K, used 30106K [0x0000000082e00000, 0x0000000100000000)
  region size 1024K, 5 young (5120K), 2 survivors (2048K)
 Metaspace       used 63093K, committed 63680K, reserved 1114112K
  class space    used 8565K, committed 8832K, reserved 1048576K
GC Heap History (20 events):
Event: 13.233 GC heap before
{Heap before GC invocations=5 (full 0):
 garbage-first heap   total 55296K, used 38085K [0x0000000082e00000, 0x0000000100000000)
  region size 1024K, 24 young (24576K), 3 survivors (3072K)
 Metaspace       used 29010K, committed 29440K, reserved 1114112K
  class space    used 3722K, committed 3904K, reserved 1048576K
}
Event: 13.240 GC heap after
{Heap after GC invocations=6 (full 0):
 garbage-first heap   total 55296K, used 18097K [0x0000000082e00000, 0x0000000100000000)
  region size 1024K, 2 young (2048K), 2 survivors (2048K)
 Metaspace       used 29010K, committed 29440K, reserved 1114112K
  class space    used 3722K, committed 3904K, reserved 1048576K
}
Event: 15.243 GC heap before
{Heap before GC invocations=6 (full 0):
 garbage-first heap   total 55296K, used 39601K [0x0000000082e00000, 0x0000000100000000)
  region size 1024K, 23 young (23552K), 2 survivors (2048K)
 Metaspace       used 33818K, committed 34240K, reserved 1114112K
  class space    used 4418K, committed 4608K, reserved 1048576K
}
Event: 15.246 GC heap after
{Heap after GC invocations=7 (full 0):
 garbage-first heap   total 55296K, used 19053K [0x0000000082e00000, 0x0000000100000000)
  region size 1024K, 3 young (3072K), 3 survivors (3072K)
 Metaspace       used 33818K, committed 34240K, reserved 1114112K
  class space    used 4418K, committed 4608K, reserved 1048576K
}
Event: 15.848 GC heap before
{Heap before GC invocations=7 (full 0):
 garbage-first heap   total 55296K, used 27245K [0x0000000082e00000, 0x0000000100000000)
  region size 1024K, 12 young (12288K), 3 survivors (3072K)
 Metaspace       used 35546K, committed 35968K, reserved 1114112K
  class space    used 4763K, committed 4992K, reserved 1048576K
}
Event: 15.853 GC heap after
{Heap after GC invocations=8 (full 0):
 garbage-first heap   total 55296K, used 19554K [0x0000000082e00000, 0x0000000100000000)
  region size 1024K, 2 young (2048K), 2 survivors (2048K)
 Metaspace       used 35546K, committed 35968K, reserved 1114112K
  class space    used 4763K, committed 4992K, reserved 1048576K
}
Event: 17.435 GC heap before
{Heap before GC invocations=9 (full 0):
 garbage-first heap   total 55296K, used 40034K [0x0000000082e00000, 0x0000000100000000)
  region size 1024K, 23 young (23552K), 2 survivors (2048K)
 Metaspace       used 44733K, committed 45184K, reserved 1114112K
  class space    used 5883K, committed 6080K, reserved 1048576K
}
Event: 17.440 GC heap after
{Heap after GC invocations=10 (full 0):
 garbage-first heap   total 55296K, used 21706K [0x0000000082e00000, 0x0000000100000000)
  region size 1024K, 3 young (3072K), 3 survivors (3072K)
 Metaspace       used 44733K, committed 45184K, reserved 1114112K
  class space    used 5883K, committed 6080K, reserved 1048576K
}
Event: 18.157 GC heap before
{Heap before GC invocations=10 (full 0):
 garbage-first heap   total 55296K, used 41162K [0x0000000082e00000, 0x0000000100000000)
  region size 1024K, 22 young (22528K), 3 survivors (3072K)
 Metaspace       used 48773K, committed 49152K, reserved 1114112K
  class space    used 6362K, committed 6528K, reserved 1048576K
}
Event: 18.162 GC heap after
{Heap after GC invocations=11 (full 0):
 garbage-first heap   total 55296K, used 23083K [0x0000000082e00000, 0x0000000100000000)
  region size 1024K, 2 young (2048K), 2 survivors (2048K)
 Metaspace       used 48773K, committed 49152K, reserved 1114112K
  class space    used 6362K, committed 6528K, reserved 1048576K
}
Event: 18.839 GC heap before
{Heap before GC invocations=11 (full 0):
 garbage-first heap   total 55296K, used 40491K [0x0000000082e00000, 0x0000000100000000)
  region size 1024K, 20 young (20480K), 2 survivors (2048K)
 Metaspace       used 54243K, committed 54784K, reserved 1114112K
  class space    used 7313K, committed 7552K, reserved 1048576K
}
Event: 18.842 GC heap after
{Heap after GC invocations=12 (full 0):
 garbage-first heap   total 55296K, used 23561K [0x0000000082e00000, 0x0000000100000000)
  region size 1024K, 2 young (2048K), 2 survivors (2048K)
 Metaspace       used 54243K, committed 54784K, reserved 1114112K
  class space    used 7313K, committed 7552K, reserved 1048576K
}
Event: 19.485 GC heap before
{Heap before GC invocations=12 (full 0):
 garbage-first heap   total 55296K, used 41993K [0x0000000082e00000, 0x0000000100000000)
  region size 1024K, 20 young (20480K), 2 survivors (2048K)
 Metaspace       used 58291K, committed 58816K, reserved 1114112K
  class space    used 7861K, committed 8128K, reserved 1048576K
}
Event: 19.490 GC heap after
{Heap after GC invocations=13 (full 0):
 garbage-first heap   total 55296K, used 24842K [0x0000000082e00000, 0x0000000100000000)
  region size 1024K, 2 young (2048K), 2 survivors (2048K)
 Metaspace       used 58291K, committed 58816K, reserved 1114112K
  class space    used 7861K, committed 8128K, reserved 1048576K
}
Event: 19.792 GC heap before
{Heap before GC invocations=13 (full 0):
 garbage-first heap   total 55296K, used 28938K [0x0000000082e00000, 0x0000000100000000)
  region size 1024K, 7 young (7168K), 2 survivors (2048K)
 Metaspace       used 59635K, committed 60160K, reserved 1114112K
  class space    used 8014K, committed 8320K, reserved 1048576K
}
Event: 19.798 GC heap after
{Heap after GC invocations=14 (full 0):
 garbage-first heap   total 55296K, used 25218K [0x0000000082e00000, 0x0000000100000000)
  region size 1024K, 2 young (2048K), 2 survivors (2048K)
 Metaspace       used 59635K, committed 60160K, reserved 1114112K
  class space    used 8014K, committed 8320K, reserved 1048576K
}
Event: 21.056 GC heap before
{Heap before GC invocations=15 (full 0):
 garbage-first heap   total 55296K, used 43650K [0x0000000082e00000, 0x0000000100000000)
  region size 1024K, 20 young (20480K), 2 survivors (2048K)
 Metaspace       used 61529K, committed 62080K, reserved 1114112K
  class space    used 8363K, committed 8640K, reserved 1048576K
}
Event: 21.062 GC heap after
{Heap after GC invocations=16 (full 0):
 garbage-first heap   total 55296K, used 27326K [0x0000000082e00000, 0x0000000100000000)
  region size 1024K, 3 young (3072K), 3 survivors (3072K)
 Metaspace       used 61529K, committed 62080K, reserved 1114112K
  class space    used 8363K, committed 8640K, reserved 1048576K
}
Event: 201.022 GC heap before
{Heap before GC invocations=16 (full 0):
 garbage-first heap   total 55296K, used 42686K [0x0000000082e00000, 0x0000000100000000)
  region size 1024K, 18 young (18432K), 3 survivors (3072K)
 Metaspace       used 63050K, committed 63616K, reserved 1114112K
  class space    used 8565K, committed 8832K, reserved 1048576K
}
Event: 201.026 GC heap after
{Heap after GC invocations=17 (full 0):
 garbage-first heap   total 55296K, used 28058K [0x0000000082e00000, 0x0000000100000000)
  region size 1024K, 2 young (2048K), 2 survivors (2048K)
 Metaspace       used 63050K, committed 63616K, reserved 1114112K
  class space    used 8565K, committed 8832K, reserved 1048576K
}

